<?xml version="1.0" encoding="UTF-8"?>
<testng-results ignored="0" total="1" passed="1" failed="0" skipped="0">
  <reporter-output>
  </reporter-output>
  <suite started-at="2026-09-02T16:06:08 IST" name="Default suite" finished-at="2026-09-02T16:06:27 IST" duration-ms="18480">
    <groups>
    </groups>
    <test started-at="2026-09-02T16:06:08 IST" name="Default test" finished-at="2026-09-02T16:06:27 IST" duration-ms="18480">
      <class name="Tests.SampLog">
        <test-method is-config="true" signature="setup(java.lang.reflect.Method)[pri:0, instance:Tests.SampLog@1a482e36]" started-at="2026-09-02T16:06:08 IST" name="setup" finished-at="2026-09-02T16:06:16 IST" duration-ms="7430" status="PASS">
          <params>
            <param index="0">
              <value>
                <![CDATA[public void Tests.SampLog.log()]]>
              </value>
            </param>
          </params>
          <reporter-output>
          </reporter-output>
        </test-method> <!-- setup -->
        <test-method signature="log()[pri:0, instance:Tests.SampLog@1a482e36]" started-at="2026-09-02T16:06:16 IST" name="log" finished-at="2026-09-02T16:06:26 IST" duration-ms="10087" status="PASS">
          <reporter-output>
          </reporter-output>
        </test-method> <!-- log -->
        <test-method is-config="true" signature="teardown(org.testng.ITestResult)[pri:0, instance:Tests.SampLog@1a482e36]" started-at="2026-09-02T16:06:26 IST" name="teardown" finished-at="2026-09-02T16:06:27 IST" duration-ms="930" status="PASS">
          <params>
            <param index="0">
              <value>
                <![CDATA[[TestResult name=log status=SUCCESS method=SampLog.log()[pri:0, instance:Tests.SampLog@1a482e36] output={null}]]]>
              </value>
            </param>
          </params>
          <reporter-output>
          </reporter-output>
        </test-method> <!-- teardown -->
      </class> <!-- Tests.SampLog -->
    </test> <!-- Default test -->
  </suite> <!-- Default suite -->
</testng-results>
