<?xml version="1.0" encoding="UTF-8"?>
<!-- Generated by org.testng.reporters.JUnitReportReporter -->
<testsuite hostname="AJ" failures="0" tests="3" name="Tests.LoginWithPom" time="66.721" errors="1" timestamp="2026-09-01T16:57:57 IST" skipped="1">
  <testcase classname="Tests.LoginWithPom" name="login" time="51.215">
    <error message="Error {
  message=&#039;Timeout 30000ms exceeded.
  name=&#039;TimeoutError
  stack=&#039;TimeoutError: Timeout 30000ms exceeded.
    at _ProgressController.run (C:\Users\HP\AppData\Local\Temp\playwright-java-1570291842143336986\package\lib\coreBundle.js:11750:32)
    at _FrameDispatcher._runCommand (C:\Users\HP\AppData\Local\Temp\playwright-java-1570291842143336986\package\lib\coreBundle.js:18203:35)
    at DispatcherConnection.dispatch (C:\Users\HP\AppData\Local\Temp\playwright-java-1570291842143336986\package\lib\coreBundle.js:18408:44)
}
Call log:
-   - waiting for locator(&quot;class[name=&#039;oxd-text oxd-text--span oxd-main-menu-item--name&#039;]&quot;)
" type="com.microsoft.playwright.TimeoutError">
      <![CDATA[com.microsoft.playwright.TimeoutError: Error {
  message='Timeout 30000ms exceeded.
  name='TimeoutError
  stack='TimeoutError: Timeout 30000ms exceeded.
    at _ProgressController.run (C:\Users\HP\AppData\Local\Temp\playwright-java-1570291842143336986\package\lib\coreBundle.js:11750:32)
    at _FrameDispatcher._runCommand (C:\Users\HP\AppData\Local\Temp\playwright-java-1570291842143336986\package\lib\coreBundle.js:18203:35)
    at DispatcherConnection.dispatch (C:\Users\HP\AppData\Local\Temp\playwright-java-1570291842143336986\package\lib\coreBundle.js:18408:44)
}
Call log:
-   - waiting for locator("class[name='oxd-text oxd-text--span oxd-main-menu-item--name']")

at com.microsoft.playwright.impl.WaitableResult.get(WaitableResult.java:52)
at com.microsoft.playwright.impl.ChannelOwner.runUntil(ChannelOwner.java:146)
at com.microsoft.playwright.impl.Connection.sendMessage(Connection.java:132)
at com.microsoft.playwright.impl.ChannelOwner.sendMessage(ChannelOwner.java:132)
at com.microsoft.playwright.impl.FrameImpl.clickImpl(FrameImpl.java:244)
at com.microsoft.playwright.impl.LocatorImpl.click(LocatorImpl.java:172)
at com.microsoft.playwright.Locator.click(Locator.java:2677)
at Pages.HomePage.clickAdmin(HomePage.java:16)
at Tests.LoginWithPom.login(LoginWithPom.java:23)
at java.base/jdk.internal.reflect.DirectMethodHandleAccessor.invoke(DirectMethodHandleAccessor.java:103)
at java.base/java.lang.reflect.Method.invoke(Method.java:580)
at org.testng.internal.invokers.MethodInvocationHelper.invokeMethod(MethodInvocationHelper.java:141)
at org.testng.internal.invokers.TestInvoker.invokeMethod(TestInvoker.java:697)
at org.testng.internal.invokers.TestInvoker.invokeTestMethod(TestInvoker.java:230)
at org.testng.internal.invokers.MethodRunner.runInSequence(MethodRunner.java:63)
at org.testng.internal.invokers.TestInvoker$MethodInvocationAgent.invoke(TestInvoker.java:1005)
at org.testng.internal.invokers.TestInvoker.invokeTestMethods(TestInvoker.java:203)
at org.testng.internal.invokers.TestMethodWorker.invokeTestMethods(TestMethodWorker.java:154)
at org.testng.internal.invokers.TestMethodWorker.run(TestMethodWorker.java:134)
at java.base/java.util.ArrayList.forEach(ArrayList.java:1596)
at org.testng.TestRunner.privateRun(TestRunner.java:744)
at org.testng.TestRunner.run(TestRunner.java:616)
at org.testng.SuiteRunner.runTest(SuiteRunner.java:421)
at org.testng.SuiteRunner.runSequentially(SuiteRunner.java:413)
at org.testng.SuiteRunner.privateRun(SuiteRunner.java:373)
at org.testng.SuiteRunner.run(SuiteRunner.java:312)
at org.testng.SuiteRunnerWorker.runSuite(SuiteRunnerWorker.java:52)
at org.testng.SuiteRunnerWorker.run(SuiteRunnerWorker.java:95)
at org.testng.TestNG.runSuitesSequentially(TestNG.java:1274)
at org.testng.TestNG.runSuitesLocally(TestNG.java:1208)
at org.testng.TestNG.runSuites(TestNG.java:1112)
at org.testng.TestNG.run(TestNG.java:1079)
at org.testng.remote.AbstractRemoteTestNG.run(AbstractRemoteTestNG.java:115)
at org.testng.remote.RemoteTestNG.initAndRun(RemoteTestNG.java:293)
at org.testng.remote.RemoteTestNG.main(RemoteTestNG.java:91)
Caused by: com.microsoft.playwright.TimeoutError: Error {
  message='Timeout 30000ms exceeded.
  name='TimeoutError
  stack='TimeoutError: Timeout 30000ms exceeded.
    at _ProgressController.run (C:\Users\HP\AppData\Local\Temp\playwright-java-1570291842143336986\package\lib\coreBundle.js:11750:32)
    at _FrameDispatcher._runCommand (C:\Users\HP\AppData\Local\Temp\playwright-java-1570291842143336986\package\lib\coreBundle.js:18203:35)
    at DispatcherConnection.dispatch (C:\Users\HP\AppData\Local\Temp\playwright-java-1570291842143336986\package\lib\coreBundle.js:18408:44)
}
Call log:
-   - waiting for locator("class[name='oxd-text oxd-text--span oxd-main-menu-item--name']")

at com.microsoft.playwright.impl.Connection.dispatch(Connection.java:266)
at com.microsoft.playwright.impl.Connection.processOneMessage(Connection.java:222)
at com.microsoft.playwright.impl.ChannelOwner.runUntil(ChannelOwner.java:144)
... 33 more
]]>
    </error>
  </testcase> <!-- login -->
  <testcase classname="Tests.LoginWithPom" name="login3" time="2.713">
    <skipped/>
  </testcase> <!-- login3 -->
  <testcase classname="Tests.LoginWithPom" name="login2" time="12.793"/>
</testsuite> <!-- Tests.LoginWithPom -->
